[16.10.2017 22:58:32] - Start...
[16.10.2017 22:58:36] - Port is open...
[16.10.2017 22:58:36] - Start Fish...
[16.10.2017 22:58:39] - Sended message[5]: space
[16.10.2017 22:58:44] - Wait fish..
[16.10.2017 22:58:47] - Wait fish..
[16.10.2017 22:58:50] - Wait fish..
[16.10.2017 22:58:53] - Wait fish..
[16.10.2017 22:58:56] - Wait fish..
[16.10.2017 22:58:59] - Sended message[5]: space
[16.10.2017 22:59:00] - Sended message[5]: space
[16.10.2017 22:59:04] - Cut the fish...
[16.10.2017 22:59:04] - Parsing kapcha...
[16.10.2017 22:59:04] - Clean the noise...
[16.10.2017 22:59:04] - Clean ended...
[16.10.2017 22:59:04] - Sended message[2]: ds
[16.10.2017 22:59:14] - Ok. Go to the next state...
[16.10.2017 22:59:14] - Check loot...
[16.10.2017 22:59:19] - Trash. Throw out.
[16.10.2017 22:59:19] - Start Fish...
[16.10.2017 22:59:22] - Sended message[5]: space
[16.10.2017 22:59:27] - Wait fish..
[16.10.2017 22:59:30] - Wait fish..
[16.10.2017 22:59:34] - Wait fish..
[16.10.2017 22:59:37] - Wait fish..
[16.10.2017 22:59:40] - Wait fish..
[16.10.2017 22:59:43] - Wait fish..
[16.10.2017 22:59:46] - Wait fish..
[16.10.2017 22:59:49] - Wait fish..
[16.10.2017 22:59:52] - Wait fish..
[16.10.2017 22:59:55] - Wait fish..
[16.10.2017 22:59:58] - Wait fish..
[16.10.2017 23:00:01] - Wait fish..
[16.10.2017 23:00:04] - Wait fish..
[16.10.2017 23:00:07] - Wait fish..
[16.10.2017 23:00:10] - Wait fish..
[16.10.2017 23:00:13] - Wait fish..
[16.10.2017 23:00:16] - Wait fish..
[16.10.2017 23:00:19] - Wait fish..
[16.10.2017 23:00:22] - Wait fish..
[16.10.2017 23:00:25] - Wait fish..
[16.10.2017 23:00:28] - Wait fish..
[16.10.2017 23:00:31] - Wait fish..
[16.10.2017 23:00:34] - Wait fish..
[16.10.2017 23:00:37] - Wait fish..
[16.10.2017 23:00:40] - Wait fish..
[16.10.2017 23:00:43] - Wait fish..
[16.10.2017 23:00:46] - Wait fish..
[16.10.2017 23:00:49] - Wait fish..
[16.10.2017 23:00:52] - Wait fish..
[16.10.2017 23:00:55] - Wait fish..
[16.10.2017 23:00:58] - Wait fish..
[16.10.2017 23:01:01] - Wait fish..
[16.10.2017 23:01:04] - Wait fish..
[16.10.2017 23:01:07] - Wait fish..
[16.10.2017 23:01:10] - Wait fish..
[16.10.2017 23:01:13] - Wait fish..
[16.10.2017 23:01:16] - Wait fish..
[16.10.2017 23:01:19] - Wait fish..
[16.10.2017 23:01:22] - Wait fish..
[16.10.2017 23:01:25] - Sended message[5]: space
[16.10.2017 23:01:27] - Sended message[5]: space
[16.10.2017 23:01:30] - Cut the fish...
[16.10.2017 23:01:30] - Parsing kapcha...
[16.10.2017 23:01:30] - Clean the noise...
[16.10.2017 23:01:31] - Clean ended...
[16.10.2017 23:01:31] - Sended message[2]: da
[16.10.2017 23:01:41] - Ok. Go to the next state...
[16.10.2017 23:01:41] - Check loot...
[16.10.2017 23:01:46] - Trash. Throw out.
[16.10.2017 23:01:46] - Start Fish...
[16.10.2017 23:01:49] - Sended message[5]: space
[16.10.2017 23:01:54] - Wait fish..
[16.10.2017 23:03:54] - Check loot...
[16.10.2017 23:03:54] - Exception java.lang.NullPointerException
[16.10.2017 23:04:54] - Check loot...
[16.10.2017 23:04:54] - Exception java.lang.NullPointerException
[16.10.2017 23:05:11] - Check loot...
[16.10.2017 23:05:16] - Loot ok.
[16.10.2017 23:05:16] - Exception java.lang.NullPointerException
[16.10.2017 23:06:04] - Check loot...
[16.10.2017 23:06:09] - Loot ok.
[16.10.2017 23:06:09] - Sended message[1]: r
[16.10.2017 23:06:48] - Start...
[16.10.2017 23:06:52] - Port is open...
[16.10.2017 23:06:52] - Start Fish...
[16.10.2017 23:06:55] - Sended message[5]: space
[16.10.2017 23:07:00] - Wait fish..
[16.10.2017 23:07:03] - Wait fish..
[16.10.2017 23:07:06] - Wait fish..
[16.10.2017 23:07:09] - Wait fish..
[16.10.2017 23:07:12] - Wait fish..
[16.10.2017 23:07:15] - Wait fish..
[16.10.2017 23:07:18] - Wait fish..
[16.10.2017 23:07:21] - Wait fish..
[16.10.2017 23:07:24] - Wait fish..
[16.10.2017 23:07:27] - Wait fish..
[16.10.2017 23:07:30] - Wait fish..
[16.10.2017 23:07:33] - Wait fish..
[16.10.2017 23:07:36] - Wait fish..
[16.10.2017 23:07:39] - Wait fish..
[16.10.2017 23:07:42] - Wait fish..
[16.10.2017 23:07:45] - Wait fish..
[16.10.2017 23:07:48] - Sended message[5]: space
[16.10.2017 23:07:50] - Sended message[5]: space
[16.10.2017 23:07:53] - Cut the fish...
[16.10.2017 23:07:53] - Parsing kapcha...
[16.10.2017 23:07:53] - Clean the noise...
[16.10.2017 23:07:53] - Clean ended...
[16.10.2017 23:07:54] - Sended message[3]: dss
[16.10.2017 23:08:04] - Ok. Go to the next state...
[16.10.2017 23:08:04] - Check loot...
[16.10.2017 23:08:09] - Trash. Throw out.
[16.10.2017 23:08:09] - Start Fish...
[16.10.2017 23:11:51] - Loot ok.
[16.10.2017 23:11:51] - Loot ok.
[16.10.2017 23:12:47] - Loot ok.
[16.10.2017 23:12:47] - Loot ok.
[16.10.2017 23:14:37] - Loot ok.
[16.10.2017 23:14:37] - Loot ok.
[16.10.2017 23:14:37] - Sended message[1]: r
[16.10.2017 23:15:06] - Loot ok.
[16.10.2017 23:15:06] - Loot ok.
[16.10.2017 23:15:06] - Sended message[1]: r
[16.10.2017 23:15:29] - Loot ok.
[16.10.2017 23:15:29] - Loot ok.
[16.10.2017 23:15:29] - Sended message[1]: r
[16.10.2017 23:17:19] - Loot ok.
[16.10.2017 23:17:19] - Sended message[1]: r
[16.10.2017 23:17:50] - Sended message[5]: space
[16.10.2017 23:17:57] - Sended message[5]: space
[16.10.2017 23:18:11] - Sended message[4]: beer
[16.10.2017 23:19:09] - Sended message[4]: beer
[16.10.2017 23:19:40] - Sended message[3]: asd
[16.10.2017 23:21:17] - Sended message[4]: bear
[16.10.2017 23:22:46] - Start...
[16.10.2017 23:22:49] - Port is open...
[16.10.2017 23:22:49] - Start Fish...
[16.10.2017 23:22:52] - Sended message[5]: space
[16.10.2017 23:22:57] - Wait fish..
[16.10.2017 23:23:00] - Wait fish..
[16.10.2017 23:23:03] - Wait fish..
[16.10.2017 23:23:06] - Wait fish..
[16.10.2017 23:23:09] - Wait fish..
[16.10.2017 23:23:12] - Wait fish..
[16.10.2017 23:23:15] - Wait fish..
[16.10.2017 23:23:18] - Wait fish..
[16.10.2017 23:23:21] - Wait fish..
[16.10.2017 23:23:24] - Wait fish..
[16.10.2017 23:23:27] - Wait fish..
[16.10.2017 23:23:30] - Wait fish..
[16.10.2017 23:23:33] - Wait fish..
[16.10.2017 23:23:36] - Wait fish..
[16.10.2017 23:23:39] - Wait fish..
[16.10.2017 23:23:42] - Sended message[5]: space
[16.10.2017 23:23:44] - Sended message[5]: space
[16.10.2017 23:23:47] - Cut the fish...
[16.10.2017 23:23:47] - Parsing kapcha...
[16.10.2017 23:23:47] - Clean the noise...
[16.10.2017 23:23:48] - Clean ended...
[16.10.2017 23:23:48] - Sended message[3]: wss
[16.10.2017 23:23:58] - Ok. Go to the next state...
[16.10.2017 23:23:58] - Check loot...
[16.10.2017 23:24:03] - Trash. Throw out.
[16.10.2017 23:24:03] - Start Fish...
[16.10.2017 23:24:06] - Sended message[5]: space
[16.10.2017 23:24:11] - Wait fish..
[16.10.2017 23:24:14] - Wait fish..
[16.10.2017 23:24:17] - Wait fish..
[16.10.2017 23:24:20] - Wait fish..
[16.10.2017 23:24:23] - Wait fish..
[16.10.2017 23:24:26] - Wait fish..
[16.10.2017 23:24:29] - Wait fish..
[16.10.2017 23:24:32] - Wait fish..
[16.10.2017 23:24:35] - Wait fish..
[16.10.2017 23:24:38] - Wait fish..
[16.10.2017 23:24:41] - Wait fish..
[16.10.2017 23:24:44] - Wait fish..
[16.10.2017 23:24:47] - Wait fish..
[16.10.2017 23:24:50] - Wait fish..
[16.10.2017 23:24:53] - Wait fish..
[16.10.2017 23:24:56] - Wait fish..
[16.10.2017 23:24:59] - Wait fish..
[16.10.2017 23:25:02] - Sended message[5]: space
[16.10.2017 23:25:04] - Sended message[5]: space
[16.10.2017 23:25:07] - Cut the fish...
[16.10.2017 23:25:07] - Parsing kapcha...
[16.10.2017 23:25:07] - Clean the noise...
[16.10.2017 23:25:08] - Clean ended...
[16.10.2017 23:25:08] - Sended message[2]: ws
[16.10.2017 23:25:18] - Ok. Go to the next state...
[16.10.2017 23:25:18] - Check loot...
[16.10.2017 23:25:23] - Trash. Throw out.
[16.10.2017 23:25:23] - Start Fish...
[16.10.2017 23:25:26] - Sended message[5]: space
[16.10.2017 23:25:31] - Wait fish..
[16.10.2017 23:25:34] - Wait fish..
[16.10.2017 23:25:37] - Wait fish..
[16.10.2017 23:25:40] - Wait fish..
[16.10.2017 23:25:43] - Wait fish..
[16.10.2017 23:25:46] - Wait fish..
[16.10.2017 23:25:49] - Wait fish..
[16.10.2017 23:25:52] - Wait fish..
[16.10.2017 23:25:55] - Wait fish..
[16.10.2017 23:25:58] - Wait fish..
[16.10.2017 23:26:01] - Wait fish..
[16.10.2017 23:26:04] - Wait fish..
[16.10.2017 23:26:07] - Wait fish..
[16.10.2017 23:26:10] - Wait fish..
[16.10.2017 23:26:13] - Wait fish..
[16.10.2017 23:26:16] - Wait fish..
[16.10.2017 23:26:19] - Wait fish..
[16.10.2017 23:26:22] - Wait fish..
[16.10.2017 23:26:25] - Wait fish..
[16.10.2017 23:26:28] - Wait fish..
[16.10.2017 23:26:31] - Wait fish..
[16.10.2017 23:26:34] - Wait fish..
[16.10.2017 23:26:37] - Wait fish..
[16.10.2017 23:26:40] - Sended message[5]: space
[16.10.2017 23:26:42] - Sended message[5]: space
[16.10.2017 23:26:45] - Cut the fish...
[16.10.2017 23:26:45] - Parsing kapcha...
[16.10.2017 23:26:45] - Clean the noise...
[16.10.2017 23:26:46] - Clean ended...
[16.10.2017 23:26:46] - Sended message[3]: waa
[16.10.2017 23:26:56] - Ok. Go to the next state...
[16.10.2017 23:26:56] - Check loot...
[16.10.2017 23:27:43] - Start...
[16.10.2017 23:27:47] - Port is open...
[16.10.2017 23:27:47] - Start Fish...
[16.10.2017 23:27:50] - Sended message[5]: space
[16.10.2017 23:27:55] - Wait fish..
[16.10.2017 23:27:58] - Wait fish..
[16.10.2017 23:28:01] - Wait fish..
[16.10.2017 23:28:04] - Wait fish..
[16.10.2017 23:28:07] - Wait fish..
[16.10.2017 23:28:10] - Wait fish..
[16.10.2017 23:28:13] - Wait fish..
[16.10.2017 23:28:16] - Wait fish..
[16.10.2017 23:28:19] - Wait fish..
[16.10.2017 23:28:22] - Wait fish..
[16.10.2017 23:28:25] - Wait fish..
[16.10.2017 23:28:28] - Wait fish..
[16.10.2017 23:28:31] - Wait fish..
[16.10.2017 23:28:34] - Wait fish..
[16.10.2017 23:28:37] - Wait fish..
[16.10.2017 23:28:40] - Wait fish..
[16.10.2017 23:28:43] - Wait fish..
[16.10.2017 23:28:46] - Wait fish..
[16.10.2017 23:28:49] - Wait fish..
[16.10.2017 23:28:52] - Wait fish..
[16.10.2017 23:28:55] - Wait fish..
[16.10.2017 23:28:58] - Sended message[5]: space
[16.10.2017 23:29:00] - Sended message[5]: space
[16.10.2017 23:29:03] - Cut the fish...
[16.10.2017 23:29:03] - Parsing kapcha...
[16.10.2017 23:29:03] - Clean the noise...
[16.10.2017 23:29:03] - Clean ended...
[16.10.2017 23:29:04] - Sended message[3]: aaa
[16.10.2017 23:29:14] - Ok. Go to the next state...
[16.10.2017 23:29:14] - Check loot...
[16.10.2017 23:29:19] - Sended message[1]: r
[16.10.2017 23:29:19] - Start Fish...
[16.10.2017 23:29:22] - Sended message[5]: space
[16.10.2017 23:29:27] - Wait fish..
[16.10.2017 23:34:27] - Sended message[1]: r
[16.10.2017 23:38:22] - Sended message[1]: r
[16.10.2017 23:38:34] - Sended message[1]: r
[16.10.2017 23:40:09] - Start...
[16.10.2017 23:40:12] - Port is open...
[16.10.2017 23:40:12] - Start Fish...
[16.10.2017 23:40:15] - Sended message[5]: space
[16.10.2017 23:40:20] - Wait fish..
[16.10.2017 23:40:23] - Wait fish..
[16.10.2017 23:40:26] - Wait fish..
[16.10.2017 23:40:29] - Wait fish..
[16.10.2017 23:40:32] - Sended message[5]: space
[16.10.2017 23:40:34] - Sended message[5]: space
[16.10.2017 23:40:37] - Cut the fish...
[16.10.2017 23:40:37] - Parsing kapcha...
[16.10.2017 23:40:37] - Clean the noise...
[16.10.2017 23:40:38] - Clean ended...
[16.10.2017 23:40:38] - Sended message[2]: wa
[16.10.2017 23:40:48] - Ok. Go to the next state...
[16.10.2017 23:40:48] - Check loot...
[16.10.2017 23:40:53] - Trash. Throw out.
[16.10.2017 23:40:53] - Start Fish...
[16.10.2017 23:40:56] - Sended message[5]: space
[16.10.2017 23:41:01] - Wait fish..
[16.10.2017 23:41:04] - Wait fish..
[16.10.2017 23:41:07] - Wait fish..
[16.10.2017 23:41:10] - Wait fish..
[16.10.2017 23:41:13] - Wait fish..
[16.10.2017 23:41:16] - Wait fish..
[16.10.2017 23:41:19] - Wait fish..
[16.10.2017 23:41:22] - Wait fish..
[16.10.2017 23:41:25] - Wait fish..
[16.10.2017 23:41:28] - Wait fish..
[16.10.2017 23:41:31] - Wait fish..
[16.10.2017 23:41:35] - Wait fish..
[16.10.2017 23:41:38] - Wait fish..
[16.10.2017 23:41:41] - Wait fish..
[16.10.2017 23:41:44] - Wait fish..
[16.10.2017 23:41:47] - Wait fish..
[16.10.2017 23:41:50] - Wait fish..
[16.10.2017 23:41:53] - Wait fish..
[16.10.2017 23:41:56] - Wait fish..
[16.10.2017 23:41:59] - Wait fish..
[16.10.2017 23:42:02] - Wait fish..
[16.10.2017 23:42:05] - Wait fish..
[16.10.2017 23:42:08] - Sended message[5]: space
[16.10.2017 23:42:09] - Sended message[5]: space
[16.10.2017 23:42:13] - Cut the fish...
[16.10.2017 23:42:13] - Parsing kapcha...
[16.10.2017 23:42:13] - Clean the noise...
[16.10.2017 23:42:13] - Clean ended...
[16.10.2017 23:42:24] - Captcha is not recognized. Return to start...
[16.10.2017 23:42:24] - Start Fish...
[16.10.2017 23:42:27] - Sended message[5]: space
[16.10.2017 23:42:32] - Wait fish..
[16.10.2017 23:42:35] - Wait fish..
[16.10.2017 23:42:38] - Wait fish..
[16.10.2017 23:42:41] - Wait fish..
[16.10.2017 23:42:44] - Wait fish..
[16.10.2017 23:42:47] - Wait fish..
[16.10.2017 23:42:50] - Wait fish..
[16.10.2017 23:42:53] - Wait fish..
[16.10.2017 23:42:56] - Wait fish..
[16.10.2017 23:42:59] - Wait fish..
[16.10.2017 23:43:02] - Wait fish..
[16.10.2017 23:43:05] - Wait fish..
[16.10.2017 23:43:08] - Wait fish..
[16.10.2017 23:43:11] - Wait fish..
[16.10.2017 23:43:14] - Wait fish..
[16.10.2017 23:43:17] - Sended message[5]: space
[16.10.2017 23:43:18] - Sended message[5]: space
[16.10.2017 23:43:22] - Cut the fish...
[16.10.2017 23:43:22] - Parsing kapcha...
[16.10.2017 23:43:22] - Clean the noise...
[16.10.2017 23:43:22] - Clean ended...
[16.10.2017 23:43:22] - Sended message[4]: wsaw
[16.10.2017 23:43:32] - Ok. Go to the next state...
[16.10.2017 23:43:32] - Check loot...
[16.10.2017 23:43:38] - Loot ok.
[16.10.2017 23:43:38] - Sended message[1]: r
[16.10.2017 23:43:38] - Start Fish...
[16.10.2017 23:43:41] - Sended message[5]: space
[16.10.2017 23:43:46] - Wait fish..
[16.10.2017 23:43:49] - Wait fish..
[16.10.2017 23:43:52] - Wait fish..
[16.10.2017 23:43:55] - Wait fish..
[16.10.2017 23:43:58] - Wait fish..
[16.10.2017 23:44:01] - Wait fish..
[16.10.2017 23:44:04] - Wait fish..
[16.10.2017 23:44:07] - Wait fish..
[16.10.2017 23:44:10] - Wait fish..
[16.10.2017 23:44:13] - Wait fish..
[16.10.2017 23:44:16] - Wait fish..
[16.10.2017 23:44:19] - Wait fish..
[16.10.2017 23:44:22] - Wait fish..
[16.10.2017 23:44:25] - Wait fish..
[16.10.2017 23:44:28] - Wait fish..
[16.10.2017 23:44:31] - Wait fish..
[16.10.2017 23:44:34] - Wait fish..
[16.10.2017 23:44:37] - Sended message[5]: space
[16.10.2017 23:44:38] - Sended message[5]: space
[16.10.2017 23:44:42] - Cut the fish...
[16.10.2017 23:44:42] - Parsing kapcha...
[16.10.2017 23:44:42] - Clean the noise...
[16.10.2017 23:44:42] - Clean ended...
[16.10.2017 23:44:42] - Sended message[3]: waw
[16.10.2017 23:44:52] - Ok. Go to the next state...
[16.10.2017 23:44:52] - Check loot...
[16.10.2017 23:44:57] - Trash. Throw out.
[16.10.2017 23:44:57] - Start Fish...
[16.10.2017 23:45:00] - Sended message[5]: space
[16.10.2017 23:45:05] - Wait fish..
[16.10.2017 23:45:08] - Wait fish..
[16.10.2017 23:45:11] - Wait fish..
[16.10.2017 23:45:14] - Wait fish..
[16.10.2017 23:45:17] - Wait fish..
[16.10.2017 23:45:21] - Wait fish..
[16.10.2017 23:45:24] - Wait fish..
[16.10.2017 23:45:27] - Wait fish..
[16.10.2017 23:45:30] - Wait fish..
[16.10.2017 23:45:33] - Wait fish..
[16.10.2017 23:45:36] - Wait fish..
[16.10.2017 23:45:39] - Wait fish..
[16.10.2017 23:45:42] - Wait fish..
[16.10.2017 23:45:45] - Wait fish..
[16.10.2017 23:45:48] - Wait fish..
[16.10.2017 23:45:51] - Wait fish..
[16.10.2017 23:45:54] - Wait fish..
[16.10.2017 23:45:57] - Sended message[5]: space
[16.10.2017 23:45:58] - Sended message[5]: space
[16.10.2017 23:46:02] - Cut the fish...
[16.10.2017 23:46:02] - Parsing kapcha...
[16.10.2017 23:46:02] - Clean the noise...
[16.10.2017 23:46:02] - Clean ended...
[16.10.2017 23:46:02] - Sended message[2]: wd
[16.10.2017 23:46:12] - Ok. Go to the next state...
[16.10.2017 23:46:12] - Check loot...
[16.10.2017 23:46:17] - Trash. Throw out.
[16.10.2017 23:46:17] - Start Fish...
[16.10.2017 23:46:20] - Sended message[5]: space
[16.10.2017 23:46:25] - Wait fish..
[16.10.2017 23:46:28] - Wait fish..
[16.10.2017 23:46:31] - Wait fish..
[16.10.2017 23:46:34] - Wait fish..
[16.10.2017 23:46:37] - Wait fish..
[16.10.2017 23:46:41] - Wait fish..
[16.10.2017 23:46:44] - Wait fish..
[16.10.2017 23:46:47] - Wait fish..
[16.10.2017 23:46:50] - Wait fish..
[16.10.2017 23:46:53] - Wait fish..
[16.10.2017 23:46:56] - Wait fish..
[16.10.2017 23:46:59] - Wait fish..
[16.10.2017 23:47:02] - Wait fish..
[16.10.2017 23:47:05] - Wait fish..
[16.10.2017 23:47:08] - Wait fish..
[16.10.2017 23:47:11] - Wait fish..
[16.10.2017 23:47:14] - Wait fish..
[16.10.2017 23:47:17] - Wait fish..
[16.10.2017 23:47:20] - Wait fish..
[16.10.2017 23:47:23] - Wait fish..
[16.10.2017 23:47:26] - Wait fish..
[16.10.2017 23:47:29] - Wait fish..
[16.10.2017 23:47:32] - Sended message[5]: space
[16.10.2017 23:47:33] - Sended message[5]: space
[16.10.2017 23:47:37] - Cut the fish...
[16.10.2017 23:47:37] - Parsing kapcha...
[16.10.2017 23:47:37] - Clean the noise...
[16.10.2017 23:47:37] - Clean ended...
[16.10.2017 23:47:38] - Sended message[3]: aaa
